<?xml version="1.0" encoding="UTF-8"?>
<testsuite xmlns:xsi="http://www.w3.org/2001/XMLSchema-instance" xsi:noNamespaceSchemaLocation="https://maven.apache.org/surefire/maven-surefire-plugin/xsd/surefire-test-report.xsd" name="com.mateo.rest.ApiPersonarxApplicationTests" time="4.398" tests="2" errors="0" skipped="0" failures="0">
  <properties>
    <property name="java.specification.version" value="17"/>
    <property name="sun.cpu.isalist" value="amd64"/>
    <property name="sun.jnu.encoding" value="Cp1252"/>
    <property name="java.class.path" value="D:\jenkis\apxpersona\api-personarx\target\test-classes;D:\jenkis\apxpersona\api-personarx\target\classes;C:\Users\Junio\.m2\repository\org\springframework\boot\spring-boot-starter-data-mongodb-reactive\2.7.1\spring-boot-starter-data-mongodb-reactive-2.7.1.jar;C:\Users\Junio\.m2\repository\org\springframework\boot\spring-boot-starter\2.7.1\spring-boot-starter-2.7.1.jar;C:\Users\Junio\.m2\repository\org\springframework\boot\spring-boot-starter-logging\2.7.1\spring-boot-starter-logging-2.7.1.jar;C:\Users\Junio\.m2\repository\ch\qos\logback\logback-classic\1.2.11\logback-classic-1.2.11.jar;C:\Users\Junio\.m2\repository\ch\qos\logback\logback-core\1.2.11\logback-core-1.2.11.jar;C:\Users\Junio\.m2\repository\org\apache\logging\log4j\log4j-to-slf4j\2.17.2\log4j-to-slf4j-2.17.2.jar;C:\Users\Junio\.m2\repository\org\apache\logging\log4j\log4j-api\2.17.2\log4j-api-2.17.2.jar;C:\Users\Junio\.m2\repository\org\slf4j\jul-to-slf4j\1.7.36\jul-to-slf4j-1.7.36.jar;C:\Users\Junio\.m2\repository\jakarta\annotation\jakarta.annotation-api\1.3.5\jakarta.annotation-api-1.3.5.jar;C:\Users\Junio\.m2\repository\org\yaml\snakeyaml\1.30\snakeyaml-1.30.jar;C:\Users\Junio\.m2\repository\io\projectreactor\reactor-core\3.4.19\reactor-core-3.4.19.jar;C:\Users\Junio\.m2\repository\org\mongodb\mongodb-driver-reactivestreams\4.6.1\mongodb-driver-reactivestreams-4.6.1.jar;C:\Users\Junio\.m2\repository\org\mongodb\bson\4.6.1\bson-4.6.1.jar;C:\Users\Junio\.m2\repository\org\mongodb\mongodb-driver-core\4.6.1\mongodb-driver-core-4.6.1.jar;C:\Users\Junio\.m2\repository\org\mongodb\bson-record-codec\4.6.1\bson-record-codec-4.6.1.jar;C:\Users\Junio\.m2\repository\org\springframework\data\spring-data-mongodb\3.4.1\spring-data-mongodb-3.4.1.jar;C:\Users\Junio\.m2\repository\org\springframework\spring-tx\5.3.21\spring-tx-5.3.21.jar;C:\Users\Junio\.m2\repository\org\springframework\spring-context\5.3.21\spring-context-5.3.21.jar;C:\Users\Junio\.m2\repository\org\springframework\spring-beans\5.3.21\spring-beans-5.3.21.jar;C:\Users\Junio\.m2\repository\org\springframework\spring-expression\5.3.21\spring-expression-5.3.21.jar;C:\Users\Junio\.m2\repository\org\springframework\data\spring-data-commons\2.7.1\spring-data-commons-2.7.1.jar;C:\Users\Junio\.m2\repository\org\slf4j\slf4j-api\1.7.36\slf4j-api-1.7.36.jar;C:\Users\Junio\.m2\repository\org\springframework\boot\spring-boot-starter-web\2.7.1\spring-boot-starter-web-2.7.1.jar;C:\Users\Junio\.m2\repository\org\springframework\boot\spring-boot-starter-json\2.7.1\spring-boot-starter-json-2.7.1.jar;C:\Users\Junio\.m2\repository\com\fasterxml\jackson\core\jackson-databind\2.13.3\jackson-databind-2.13.3.jar;C:\Users\Junio\.m2\repository\com\fasterxml\jackson\core\jackson-annotations\2.13.3\jackson-annotations-2.13.3.jar;C:\Users\Junio\.m2\repository\com\fasterxml\jackson\core\jackson-core\2.13.3\jackson-core-2.13.3.jar;C:\Users\Junio\.m2\repository\com\fasterxml\jackson\datatype\jackson-datatype-jdk8\2.13.3\jackson-datatype-jdk8-2.13.3.jar;C:\Users\Junio\.m2\repository\com\fasterxml\jackson\datatype\jackson-datatype-jsr310\2.13.3\jackson-datatype-jsr310-2.13.3.jar;C:\Users\Junio\.m2\repository\com\fasterxml\jackson\module\jackson-module-parameter-names\2.13.3\jackson-module-parameter-names-2.13.3.jar;C:\Users\Junio\.m2\repository\org\springframework\boot\spring-boot-starter-tomcat\2.7.1\spring-boot-starter-tomcat-2.7.1.jar;C:\Users\Junio\.m2\repository\org\apache\tomcat\embed\tomcat-embed-core\9.0.64\tomcat-embed-core-9.0.64.jar;C:\Users\Junio\.m2\repository\org\apache\tomcat\embed\tomcat-embed-el\9.0.64\tomcat-embed-el-9.0.64.jar;C:\Users\Junio\.m2\repository\org\apache\tomcat\embed\tomcat-embed-websocket\9.0.64\tomcat-embed-websocket-9.0.64.jar;C:\Users\Junio\.m2\repository\org\springframework\spring-web\5.3.21\spring-web-5.3.21.jar;C:\Users\Junio\.m2\repository\org\springframework\spring-webmvc\5.3.21\spring-webmvc-5.3.21.jar;C:\Users\Junio\.m2\repository\org\springframework\spring-aop\5.3.21\spring-aop-5.3.21.jar;C:\Users\Junio\.m2\repository\io\reactivex\rxjava3\rxjava\3.1.0\rxjava-3.1.0.jar;C:\Users\Junio\.m2\repository\org\reactivestreams\reactive-streams\1.0.4\reactive-streams-1.0.4.jar;C:\Users\Junio\.m2\repository\io\reactivex\rxjava-reactive-streams\1.2.1\rxjava-reactive-streams-1.2.1.jar;C:\Users\Junio\.m2\repository\io\reactivex\rxjava\1.3.8\rxjava-1.3.8.jar;C:\Users\Junio\.m2\repository\org\springframework\boot\spring-boot-devtools\2.7.1\spring-boot-devtools-2.7.1.jar;C:\Users\Junio\.m2\repository\org\springframework\boot\spring-boot\2.7.1\spring-boot-2.7.1.jar;C:\Users\Junio\.m2\repository\org\springframework\boot\spring-boot-autoconfigure\2.7.1\spring-boot-autoconfigure-2.7.1.jar;C:\Users\Junio\.m2\repository\org\projectlombok\lombok\1.18.24\lombok-1.18.24.jar;C:\Users\Junio\.m2\repository\org\springframework\boot\spring-boot-starter-test\2.7.1\spring-boot-starter-test-2.7.1.jar;C:\Users\Junio\.m2\repository\org\springframework\boot\spring-boot-test\2.7.1\spring-boot-test-2.7.1.jar;C:\Users\Junio\.m2\repository\org\springframework\boot\spring-boot-test-autoconfigure\2.7.1\spring-boot-test-autoconfigure-2.7.1.jar;C:\Users\Junio\.m2\repository\com\jayway\jsonpath\json-path\2.7.0\json-path-2.7.0.jar;C:\Users\Junio\.m2\repository\net\minidev\json-smart\2.4.8\json-smart-2.4.8.jar;C:\Users\Junio\.m2\repository\net\minidev\accessors-smart\2.4.8\accessors-smart-2.4.8.jar;C:\Users\Junio\.m2\repository\org\ow2\asm\asm\9.1\asm-9.1.jar;C:\Users\Junio\.m2\repository\jakarta\xml\bind\jakarta.xml.bind-api\2.3.3\jakarta.xml.bind-api-2.3.3.jar;C:\Users\Junio\.m2\repository\jakarta\activation\jakarta.activation-api\1.2.2\jakarta.activation-api-1.2.2.jar;C:\Users\Junio\.m2\repository\org\assertj\assertj-core\3.22.0\assertj-core-3.22.0.jar;C:\Users\Junio\.m2\repository\org\hamcrest\hamcrest\2.2\hamcrest-2.2.jar;C:\Users\Junio\.m2\repository\org\junit\jupiter\junit-jupiter\5.8.2\junit-jupiter-5.8.2.jar;C:\Users\Junio\.m2\repository\org\junit\jupiter\junit-jupiter-api\5.8.2\junit-jupiter-api-5.8.2.jar;C:\Users\Junio\.m2\repository\org\opentest4j\opentest4j\1.2.0\opentest4j-1.2.0.jar;C:\Users\Junio\.m2\repository\org\junit\platform\junit-platform-commons\1.8.2\junit-platform-commons-1.8.2.jar;C:\Users\Junio\.m2\repository\org\apiguardian\apiguardian-api\1.1.2\apiguardian-api-1.1.2.jar;C:\Users\Junio\.m2\repository\org\junit\jupiter\junit-jupiter-params\5.8.2\junit-jupiter-params-5.8.2.jar;C:\Users\Junio\.m2\repository\org\junit\jupiter\junit-jupiter-engine\5.8.2\junit-jupiter-engine-5.8.2.jar;C:\Users\Junio\.m2\repository\org\junit\platform\junit-platform-engine\1.8.2\junit-platform-engine-1.8.2.jar;C:\Users\Junio\.m2\repository\org\mockito\mockito-junit-jupiter\4.5.1\mockito-junit-jupiter-4.5.1.jar;C:\Users\Junio\.m2\repository\org\skyscreamer\jsonassert\1.5.0\jsonassert-1.5.0.jar;C:\Users\Junio\.m2\repository\com\vaadin\external\google\android-json\0.0.20131108.vaadin1\android-json-0.0.20131108.vaadin1.jar;C:\Users\Junio\.m2\repository\org\springframework\spring-core\5.3.21\spring-core-5.3.21.jar;C:\Users\Junio\.m2\repository\org\springframework\spring-jcl\5.3.21\spring-jcl-5.3.21.jar;C:\Users\Junio\.m2\repository\org\springframework\spring-test\5.3.21\spring-test-5.3.21.jar;C:\Users\Junio\.m2\repository\org\xmlunit\xmlunit-core\2.9.0\xmlunit-core-2.9.0.jar;C:\Users\Junio\.m2\repository\io\projectreactor\reactor-test\3.4.19\reactor-test-3.4.19.jar;C:\Users\Junio\.m2\repository\org\springdoc\springdoc-openapi-ui\1.7.0\springdoc-openapi-ui-1.7.0.jar;C:\Users\Junio\.m2\repository\org\springdoc\springdoc-openapi-webmvc-core\1.7.0\springdoc-openapi-webmvc-core-1.7.0.jar;C:\Users\Junio\.m2\repository\org\springdoc\springdoc-openapi-common\1.7.0\springdoc-openapi-common-1.7.0.jar;C:\Users\Junio\.m2\repository\io\swagger\core\v3\swagger-core\2.2.9\swagger-core-2.2.9.jar;C:\Users\Junio\.m2\repository\org\apache\commons\commons-lang3\3.12.0\commons-lang3-3.12.0.jar;C:\Users\Junio\.m2\repository\com\fasterxml\jackson\dataformat\jackson-dataformat-yaml\2.13.3\jackson-dataformat-yaml-2.13.3.jar;C:\Users\Junio\.m2\repository\io\swagger\core\v3\swagger-annotations\2.2.9\swagger-annotations-2.2.9.jar;C:\Users\Junio\.m2\repository\io\swagger\core\v3\swagger-models\2.2.9\swagger-models-2.2.9.jar;C:\Users\Junio\.m2\repository\jakarta\validation\jakarta.validation-api\2.0.2\jakarta.validation-api-2.0.2.jar;C:\Users\Junio\.m2\repository\org\webjars\swagger-ui\4.18.2\swagger-ui-4.18.2.jar;C:\Users\Junio\.m2\repository\junit\junit\4.13.1\junit-4.13.1.jar;C:\Users\Junio\.m2\repository\org\hamcrest\hamcrest-core\2.2\hamcrest-core-2.2.jar;C:\Users\Junio\.m2\repository\org\mockito\mockito-core\4.8.0\mockito-core-4.8.0.jar;C:\Users\Junio\.m2\repository\net\bytebuddy\byte-buddy\1.12.11\byte-buddy-1.12.11.jar;C:\Users\Junio\.m2\repository\net\bytebuddy\byte-buddy-agent\1.12.11\byte-buddy-agent-1.12.11.jar;C:\Users\Junio\.m2\repository\org\objenesis\objenesis\3.2\objenesis-3.2.jar;"/>
    <property name="java.vm.vendor" value="Oracle Corporation"/>
    <property name="sun.arch.data.model" value="64"/>
    <property name="user.variant" value=""/>
    <property name="java.vendor.url" value="https://java.oracle.com/"/>
    <property name="user.timezone" value="America/Bogota"/>
    <property name="os.name" value="Windows 11"/>
    <property name="java.vm.specification.version" value="17"/>
    <property name="sun.java.launcher" value="SUN_STANDARD"/>
    <property name="user.country" value="MX"/>
    <property name="sun.boot.library.path" value="C:\Program Files\Java\jdk-17.0.2\bin"/>
    <property name="sun.java.command" value="C:\Users\Junio\AppData\Local\Temp\surefire4004564787636417303\surefirebooter10460001221631678666.jar C:\Users\Junio\AppData\Local\Temp\surefire4004564787636417303 2025-06-19T17-43-32_354-jvmRun1 surefire15438357393030300687tmp surefire_016306066758870216669tmp"/>
    <property name="jdk.debug" value="release"/>
    <property name="surefire.test.class.path" value="D:\jenkis\apxpersona\api-personarx\target\test-classes;D:\jenkis\apxpersona\api-personarx\target\classes;C:\Users\Junio\.m2\repository\org\springframework\boot\spring-boot-starter-data-mongodb-reactive\2.7.1\spring-boot-starter-data-mongodb-reactive-2.7.1.jar;C:\Users\Junio\.m2\repository\org\springframework\boot\spring-boot-starter\2.7.1\spring-boot-starter-2.7.1.jar;C:\Users\Junio\.m2\repository\org\springframework\boot\spring-boot-starter-logging\2.7.1\spring-boot-starter-logging-2.7.1.jar;C:\Users\Junio\.m2\repository\ch\qos\logback\logback-classic\1.2.11\logback-classic-1.2.11.jar;C:\Users\Junio\.m2\repository\ch\qos\logback\logback-core\1.2.11\logback-core-1.2.11.jar;C:\Users\Junio\.m2\repository\org\apache\logging\log4j\log4j-to-slf4j\2.17.2\log4j-to-slf4j-2.17.2.jar;C:\Users\Junio\.m2\repository\org\apache\logging\log4j\log4j-api\2.17.2\log4j-api-2.17.2.jar;C:\Users\Junio\.m2\repository\org\slf4j\jul-to-slf4j\1.7.36\jul-to-slf4j-1.7.36.jar;C:\Users\Junio\.m2\repository\jakarta\annotation\jakarta.annotation-api\1.3.5\jakarta.annotation-api-1.3.5.jar;C:\Users\Junio\.m2\repository\org\yaml\snakeyaml\1.30\snakeyaml-1.30.jar;C:\Users\Junio\.m2\repository\io\projectreactor\reactor-core\3.4.19\reactor-core-3.4.19.jar;C:\Users\Junio\.m2\repository\org\mongodb\mongodb-driver-reactivestreams\4.6.1\mongodb-driver-reactivestreams-4.6.1.jar;C:\Users\Junio\.m2\repository\org\mongodb\bson\4.6.1\bson-4.6.1.jar;C:\Users\Junio\.m2\repository\org\mongodb\mongodb-driver-core\4.6.1\mongodb-driver-core-4.6.1.jar;C:\Users\Junio\.m2\repository\org\mongodb\bson-record-codec\4.6.1\bson-record-codec-4.6.1.jar;C:\Users\Junio\.m2\repository\org\springframework\data\spring-data-mongodb\3.4.1\spring-data-mongodb-3.4.1.jar;C:\Users\Junio\.m2\repository\org\springframework\spring-tx\5.3.21\spring-tx-5.3.21.jar;C:\Users\Junio\.m2\repository\org\springframework\spring-context\5.3.21\spring-context-5.3.21.jar;C:\Users\Junio\.m2\repository\org\springframework\spring-beans\5.3.21\spring-beans-5.3.21.jar;C:\Users\Junio\.m2\repository\org\springframework\spring-expression\5.3.21\spring-expression-5.3.21.jar;C:\Users\Junio\.m2\repository\org\springframework\data\spring-data-commons\2.7.1\spring-data-commons-2.7.1.jar;C:\Users\Junio\.m2\repository\org\slf4j\slf4j-api\1.7.36\slf4j-api-1.7.36.jar;C:\Users\Junio\.m2\repository\org\springframework\boot\spring-boot-starter-web\2.7.1\spring-boot-starter-web-2.7.1.jar;C:\Users\Junio\.m2\repository\org\springframework\boot\spring-boot-starter-json\2.7.1\spring-boot-starter-json-2.7.1.jar;C:\Users\Junio\.m2\repository\com\fasterxml\jackson\core\jackson-databind\2.13.3\jackson-databind-2.13.3.jar;C:\Users\Junio\.m2\repository\com\fasterxml\jackson\core\jackson-annotations\2.13.3\jackson-annotations-2.13.3.jar;C:\Users\Junio\.m2\repository\com\fasterxml\jackson\core\jackson-core\2.13.3\jackson-core-2.13.3.jar;C:\Users\Junio\.m2\repository\com\fasterxml\jackson\datatype\jackson-datatype-jdk8\2.13.3\jackson-datatype-jdk8-2.13.3.jar;C:\Users\Junio\.m2\repository\com\fasterxml\jackson\datatype\jackson-datatype-jsr310\2.13.3\jackson-datatype-jsr310-2.13.3.jar;C:\Users\Junio\.m2\repository\com\fasterxml\jackson\module\jackson-module-parameter-names\2.13.3\jackson-module-parameter-names-2.13.3.jar;C:\Users\Junio\.m2\repository\org\springframework\boot\spring-boot-starter-tomcat\2.7.1\spring-boot-starter-tomcat-2.7.1.jar;C:\Users\Junio\.m2\repository\org\apache\tomcat\embed\tomcat-embed-core\9.0.64\tomcat-embed-core-9.0.64.jar;C:\Users\Junio\.m2\repository\org\apache\tomcat\embed\tomcat-embed-el\9.0.64\tomcat-embed-el-9.0.64.jar;C:\Users\Junio\.m2\repository\org\apache\tomcat\embed\tomcat-embed-websocket\9.0.64\tomcat-embed-websocket-9.0.64.jar;C:\Users\Junio\.m2\repository\org\springframework\spring-web\5.3.21\spring-web-5.3.21.jar;C:\Users\Junio\.m2\repository\org\springframework\spring-webmvc\5.3.21\spring-webmvc-5.3.21.jar;C:\Users\Junio\.m2\repository\org\springframework\spring-aop\5.3.21\spring-aop-5.3.21.jar;C:\Users\Junio\.m2\repository\io\reactivex\rxjava3\rxjava\3.1.0\rxjava-3.1.0.jar;C:\Users\Junio\.m2\repository\org\reactivestreams\reactive-streams\1.0.4\reactive-streams-1.0.4.jar;C:\Users\Junio\.m2\repository\io\reactivex\rxjava-reactive-streams\1.2.1\rxjava-reactive-streams-1.2.1.jar;C:\Users\Junio\.m2\repository\io\reactivex\rxjava\1.3.8\rxjava-1.3.8.jar;C:\Users\Junio\.m2\repository\org\springframework\boot\spring-boot-devtools\2.7.1\spring-boot-devtools-2.7.1.jar;C:\Users\Junio\.m2\repository\org\springframework\boot\spring-boot\2.7.1\spring-boot-2.7.1.jar;C:\Users\Junio\.m2\repository\org\springframework\boot\spring-boot-autoconfigure\2.7.1\spring-boot-autoconfigure-2.7.1.jar;C:\Users\Junio\.m2\repository\org\projectlombok\lombok\1.18.24\lombok-1.18.24.jar;C:\Users\Junio\.m2\repository\org\springframework\boot\spring-boot-starter-test\2.7.1\spring-boot-starter-test-2.7.1.jar;C:\Users\Junio\.m2\repository\org\springframework\boot\spring-boot-test\2.7.1\spring-boot-test-2.7.1.jar;C:\Users\Junio\.m2\repository\org\springframework\boot\spring-boot-test-autoconfigure\2.7.1\spring-boot-test-autoconfigure-2.7.1.jar;C:\Users\Junio\.m2\repository\com\jayway\jsonpath\json-path\2.7.0\json-path-2.7.0.jar;C:\Users\Junio\.m2\repository\net\minidev\json-smart\2.4.8\json-smart-2.4.8.jar;C:\Users\Junio\.m2\repository\net\minidev\accessors-smart\2.4.8\accessors-smart-2.4.8.jar;C:\Users\Junio\.m2\repository\org\ow2\asm\asm\9.1\asm-9.1.jar;C:\Users\Junio\.m2\repository\jakarta\xml\bind\jakarta.xml.bind-api\2.3.3\jakarta.xml.bind-api-2.3.3.jar;C:\Users\Junio\.m2\repository\jakarta\activation\jakarta.activation-api\1.2.2\jakarta.activation-api-1.2.2.jar;C:\Users\Junio\.m2\repository\org\assertj\assertj-core\3.22.0\assertj-core-3.22.0.jar;C:\Users\Junio\.m2\repository\org\hamcrest\hamcrest\2.2\hamcrest-2.2.jar;C:\Users\Junio\.m2\repository\org\junit\jupiter\junit-jupiter\5.8.2\junit-jupiter-5.8.2.jar;C:\Users\Junio\.m2\repository\org\junit\jupiter\junit-jupiter-api\5.8.2\junit-jupiter-api-5.8.2.jar;C:\Users\Junio\.m2\repository\org\opentest4j\opentest4j\1.2.0\opentest4j-1.2.0.jar;C:\Users\Junio\.m2\repository\org\junit\platform\junit-platform-commons\1.8.2\junit-platform-commons-1.8.2.jar;C:\Users\Junio\.m2\repository\org\apiguardian\apiguardian-api\1.1.2\apiguardian-api-1.1.2.jar;C:\Users\Junio\.m2\repository\org\junit\jupiter\junit-jupiter-params\5.8.2\junit-jupiter-params-5.8.2.jar;C:\Users\Junio\.m2\repository\org\junit\jupiter\junit-jupiter-engine\5.8.2\junit-jupiter-engine-5.8.2.jar;C:\Users\Junio\.m2\repository\org\junit\platform\junit-platform-engine\1.8.2\junit-platform-engine-1.8.2.jar;C:\Users\Junio\.m2\repository\org\mockito\mockito-junit-jupiter\4.5.1\mockito-junit-jupiter-4.5.1.jar;C:\Users\Junio\.m2\repository\org\skyscreamer\jsonassert\1.5.0\jsonassert-1.5.0.jar;C:\Users\Junio\.m2\repository\com\vaadin\external\google\android-json\0.0.20131108.vaadin1\android-json-0.0.20131108.vaadin1.jar;C:\Users\Junio\.m2\repository\org\springframework\spring-core\5.3.21\spring-core-5.3.21.jar;C:\Users\Junio\.m2\repository\org\springframework\spring-jcl\5.3.21\spring-jcl-5.3.21.jar;C:\Users\Junio\.m2\repository\org\springframework\spring-test\5.3.21\spring-test-5.3.21.jar;C:\Users\Junio\.m2\repository\org\xmlunit\xmlunit-core\2.9.0\xmlunit-core-2.9.0.jar;C:\Users\Junio\.m2\repository\io\projectreactor\reactor-test\3.4.19\reactor-test-3.4.19.jar;C:\Users\Junio\.m2\repository\org\springdoc\springdoc-openapi-ui\1.7.0\springdoc-openapi-ui-1.7.0.jar;C:\Users\Junio\.m2\repository\org\springdoc\springdoc-openapi-webmvc-core\1.7.0\springdoc-openapi-webmvc-core-1.7.0.jar;C:\Users\Junio\.m2\repository\org\springdoc\springdoc-openapi-common\1.7.0\springdoc-openapi-common-1.7.0.jar;C:\Users\Junio\.m2\repository\io\swagger\core\v3\swagger-core\2.2.9\swagger-core-2.2.9.jar;C:\Users\Junio\.m2\repository\org\apache\commons\commons-lang3\3.12.0\commons-lang3-3.12.0.jar;C:\Users\Junio\.m2\repository\com\fasterxml\jackson\dataformat\jackson-dataformat-yaml\2.13.3\jackson-dataformat-yaml-2.13.3.jar;C:\Users\Junio\.m2\repository\io\swagger\core\v3\swagger-annotations\2.2.9\swagger-annotations-2.2.9.jar;C:\Users\Junio\.m2\repository\io\swagger\core\v3\swagger-models\2.2.9\swagger-models-2.2.9.jar;C:\Users\Junio\.m2\repository\jakarta\validation\jakarta.validation-api\2.0.2\jakarta.validation-api-2.0.2.jar;C:\Users\Junio\.m2\repository\org\webjars\swagger-ui\4.18.2\swagger-ui-4.18.2.jar;C:\Users\Junio\.m2\repository\junit\junit\4.13.1\junit-4.13.1.jar;C:\Users\Junio\.m2\repository\org\hamcrest\hamcrest-core\2.2\hamcrest-core-2.2.jar;C:\Users\Junio\.m2\repository\org\mockito\mockito-core\4.8.0\mockito-core-4.8.0.jar;C:\Users\Junio\.m2\repository\net\bytebuddy\byte-buddy\1.12.11\byte-buddy-1.12.11.jar;C:\Users\Junio\.m2\repository\net\bytebuddy\byte-buddy-agent\1.12.11\byte-buddy-agent-1.12.11.jar;C:\Users\Junio\.m2\repository\org\objenesis\objenesis\3.2\objenesis-3.2.jar;"/>
    <property name="sun.cpu.endian" value="little"/>
    <property name="user.home" value="C:\Users\Junio"/>
    <property name="user.language" value="es"/>
    <property name="java.specification.vendor" value="Oracle Corporation"/>
    <property name="java.version.date" value="2022-01-18"/>
    <property name="java.home" value="C:\Program Files\Java\jdk-17.0.2"/>
    <property name="file.separator" value="\"/>
    <property name="basedir" value="D:\jenkis\apxpersona\api-personarx"/>
    <property name="java.vm.compressedOopsMode" value="32-bit"/>
    <property name="line.separator" value="&#10;"/>
    <property name="java.vm.specification.vendor" value="Oracle Corporation"/>
    <property name="java.specification.name" value="Java Platform API Specification"/>
    <property name="surefire.real.class.path" value="C:\Users\Junio\AppData\Local\Temp\surefire4004564787636417303\surefirebooter10460001221631678666.jar"/>
    <property name="user.script" value=""/>
    <property name="sun.management.compiler" value="HotSpot 64-Bit Tiered Compilers"/>
    <property name="java.runtime.version" value="17.0.2+8-LTS-86"/>
    <property name="user.name" value="Junio"/>
    <property name="path.separator" value=";"/>
    <property name="os.version" value="10.0"/>
    <property name="java.runtime.name" value="Java(TM) SE Runtime Environment"/>
    <property name="file.encoding" value="Cp1252"/>
    <property name="java.vm.name" value="Java HotSpot(TM) 64-Bit Server VM"/>
    <property name="localRepository" value="C:\Users\Junio\.m2\repository"/>
    <property name="java.vendor.url.bug" value="https://bugreport.java.com/bugreport/"/>
    <property name="java.io.tmpdir" value="C:\Users\Junio\AppData\Local\Temp\"/>
    <property name="idea.version" value="2023.1.2"/>
    <property name="java.version" value="17.0.2"/>
    <property name="user.dir" value="D:\jenkis\apxpersona\api-personarx"/>
    <property name="os.arch" value="amd64"/>
    <property name="java.vm.specification.name" value="Java Virtual Machine Specification"/>
    <property name="sun.os.patch.level" value=""/>
    <property name="native.encoding" value="Cp1252"/>
    <property name="java.library.path" value="C:\Program Files\Java\jdk-17.0.2\bin;C:\WINDOWS\Sun\Java\bin;C:\WINDOWS\system32;C:\WINDOWS;C:\Program Files\Common Files\Oracle\Java\javapath;C:\Program Files (x86)\Common Files\Oracle\Java\javapath;C:\windows\system32;C:\windows;C:\windows\System32\Wbem;C:\windows\System32\WindowsPowerShell\v1.0\;C:\windows\System32\OpenSSH\;C:\Program Files (x86)\NVIDIA Corporation\PhysX\Common;C:\Program Files\NVIDIA Corporation\NVIDIA NvDLISR;C:\Program Files\Java\jdk-11.0.13\bin;C:\JAXWS8\v2.3.2\bin;C:\Program Files\Git\cmd;C:\Program Files\MongoDB\Server\7.0\bin;C:\Program Files\HP\HP One Agent;C:\WINDOWS\system32;C:\WINDOWS;C:\WINDOWS\System32\Wbem;C:\WINDOWS\System32\WindowsPowerShell\v1.0\;C:\WINDOWS\System32\OpenSSH\;C:\Program Files\Docker\Docker\resources\bin;C:\ProgramData\chocolatey\bin;C:\apache-maven-3.9.10\bin;C:\Program Files\Java\jdk-17.0.2\bin;C:\sonar-scanner-7.1.0.4\bin;D:\Programas\ngro;C:\Users\Junio\AppData\Local\Programs\Python\Launcher\;C:\Users\Junio\AppData\Local\Microsoft\WindowsApps;C:\Users\Junio\AppData\Local\Programs\Microsoft VS Code\bin;C:\tools;;."/>
    <property name="java.vm.info" value="mixed mode, sharing"/>
    <property name="java.vendor" value="Oracle Corporation"/>
    <property name="java.vm.version" value="17.0.2+8-LTS-86"/>
    <property name="sun.io.unicode.encoding" value="UnicodeLittle"/>
    <property name="java.class.version" value="61.0"/>
  </properties>
  <testcase name="addVenta" classname="com.mateo.rest.ApiPersonarxApplicationTests" time="0.055"/>
  <testcase name="contextLoads" classname="com.mateo.rest.ApiPersonarxApplicationTests" time="0.003"/>
</testsuite>